<?xml version="1.0" encoding="UTF-8"?>
<testng-results skipped="0" failed="0" ignored="18" total="36" passed="18">
  <reporter-output>
  </reporter-output>
  <suite name="FormLoginToTheWebsiteOfTheRegisteredUser" duration-ms="127340" started-at="2017-04-19T12:52:09Z" finished-at="2017-04-19T12:54:16Z">
    <groups>
      <group name="positive_test">
        <method signature="ExampleTest.formlogInWithClickLinkForgotPassword()[pri:0, instance:Example.ExampleTest@366e2eef]" name="formlogInWithClickLinkForgotPassword" class="Example.ExampleTest"/>
        <method signature="ExampleTest.formlogInWithClickLinkImageDns1()[pri:0, instance:Example.ExampleTest@366e2eef]" name="formlogInWithClickLinkImageDns1" class="Example.ExampleTest"/>
        <method signature="ExampleTest.formlogInWithClickLinkImageDns2()[pri:0, instance:Example.ExampleTest@366e2eef]" name="formlogInWithClickLinkImageDns2" class="Example.ExampleTest"/>
        <method signature="ExampleTest.formlogInWithClickLinkImageDns3()[pri:0, instance:Example.ExampleTest@366e2eef]" name="formlogInWithClickLinkImageDns3" class="Example.ExampleTest"/>
        <method signature="ExampleTest.formlogInWithClickLinkImageDns4()[pri:0, instance:Example.ExampleTest@366e2eef]" name="formlogInWithClickLinkImageDns4" class="Example.ExampleTest"/>
        <method signature="ExampleTest.formlogInWithClickLinkRegistration()[pri:0, instance:Example.ExampleTest@366e2eef]" name="formlogInWithClickLinkRegistration" class="Example.ExampleTest"/>
        <method signature="ExampleTest.logInLogOut()[pri:0, instance:Example.ExampleTest@366e2eef]" name="logInLogOut" class="Example.ExampleTest"/>
      </group> <!-- positive_test -->
      <group name="negative_test">
        <method signature="ExampleTest.LogInWithInputInvalidPasswordPressedRadioButtonPhone()[pri:0, instance:Example.ExampleTest@62043840]" name="LogInWithInputInvalidPasswordPressedRadioButtonPhone" class="Example.ExampleTest"/>
        <method signature="ExampleTest.logInWithInputInvalidEmal()[pri:0, instance:Example.ExampleTest@62043840]" name="logInWithInputInvalidEmal" class="Example.ExampleTest"/>
        <method signature="ExampleTest.logInWithInputInvalidPassword()[pri:0, instance:Example.ExampleTest@62043840]" name="logInWithInputInvalidPassword" class="Example.ExampleTest"/>
        <method signature="ExampleTest.logInWithInputInvalidPhonePressed()[pri:0, instance:Example.ExampleTest@62043840]" name="logInWithInputInvalidPhonePressed" class="Example.ExampleTest"/>
        <method signature="ExampleTest.logInWithShowPassword()[pri:0, instance:Example.ExampleTest@62043840]" name="logInWithShowPassword" class="Example.ExampleTest"/>
        <method signature="ExampleTest.logInWithVoidValue()[pri:0, instance:Example.ExampleTest@62043840]" name="logInWithVoidValue" class="Example.ExampleTest"/>
        <method signature="ExampleTest.logInWithVoidValuePressedRadioButtonPhone()[pri:0, instance:Example.ExampleTest@62043840]" name="logInWithVoidValuePressedRadioButtonPhone" class="Example.ExampleTest"/>
        <method signature="ExampleTest.logInWithoutInputEmail()[pri:0, instance:Example.ExampleTest@62043840]" name="logInWithoutInputEmail" class="Example.ExampleTest"/>
        <method signature="ExampleTest.logInWithoutInputPassword()[pri:0, instance:Example.ExampleTest@62043840]" name="logInWithoutInputPassword" class="Example.ExampleTest"/>
        <method signature="ExampleTest.logInWithoutInputPasswordPressedRadioButtonPhone()[pri:0, instance:Example.ExampleTest@62043840]" name="logInWithoutInputPasswordPressedRadioButtonPhone" class="Example.ExampleTest"/>
        <method signature="ExampleTest.logInWithoutInputPhone()[pri:0, instance:Example.ExampleTest@62043840]" name="logInWithoutInputPhone" class="Example.ExampleTest"/>
      </group> <!-- negative_test -->
    </groups>
    <test name="test2" duration-ms="91116" started-at="2017-04-19T12:52:09Z" finished-at="2017-04-19T12:53:40Z">
      <class name="Example.ExampleTest">
        <test-method status="PASS" signature="formlogInWithClickLinkForgotPassword()[pri:0, instance:Example.ExampleTest@366e2eef]" name="formlogInWithClickLinkForgotPassword" duration-ms="11404" started-at="2017-04-19T15:52:09Z" finished-at="2017-04-19T15:52:20Z">
          <reporter-output>
          </reporter-output>
        </test-method> <!-- formlogInWithClickLinkForgotPassword -->
        <test-method status="PASS" signature="formlogInWithClickLinkImageDns1()[pri:0, instance:Example.ExampleTest@366e2eef]" name="formlogInWithClickLinkImageDns1" duration-ms="13058" started-at="2017-04-19T15:52:20Z" finished-at="2017-04-19T15:52:33Z">
          <reporter-output>
          </reporter-output>
        </test-method> <!-- formlogInWithClickLinkImageDns1 -->
        <test-method status="PASS" signature="formlogInWithClickLinkImageDns2()[pri:0, instance:Example.ExampleTest@366e2eef]" name="formlogInWithClickLinkImageDns2" duration-ms="11700" started-at="2017-04-19T15:52:33Z" finished-at="2017-04-19T15:52:45Z">
          <reporter-output>
          </reporter-output>
        </test-method> <!-- formlogInWithClickLinkImageDns2 -->
        <test-method status="PASS" signature="formlogInWithClickLinkImageDns3()[pri:0, instance:Example.ExampleTest@366e2eef]" name="formlogInWithClickLinkImageDns3" duration-ms="14535" started-at="2017-04-19T15:52:45Z" finished-at="2017-04-19T15:52:59Z">
          <reporter-output>
          </reporter-output>
        </test-method> <!-- formlogInWithClickLinkImageDns3 -->
        <test-method status="PASS" signature="formlogInWithClickLinkImageDns4()[pri:0, instance:Example.ExampleTest@366e2eef]" name="formlogInWithClickLinkImageDns4" duration-ms="12354" started-at="2017-04-19T15:52:59Z" finished-at="2017-04-19T15:53:12Z">
          <reporter-output>
          </reporter-output>
        </test-method> <!-- formlogInWithClickLinkImageDns4 -->
        <test-method status="PASS" signature="formlogInWithClickLinkRegistration()[pri:0, instance:Example.ExampleTest@366e2eef]" name="formlogInWithClickLinkRegistration" duration-ms="10274" started-at="2017-04-19T15:53:12Z" finished-at="2017-04-19T15:53:22Z">
          <reporter-output>
          </reporter-output>
        </test-method> <!-- formlogInWithClickLinkRegistration -->
        <test-method status="PASS" signature="logInLogOut()[pri:0, instance:Example.ExampleTest@366e2eef]" name="logInLogOut" duration-ms="17769" started-at="2017-04-19T15:53:22Z" finished-at="2017-04-19T15:53:40Z">
          <reporter-output>
          </reporter-output>
        </test-method> <!-- logInLogOut -->
      </class> <!-- Example.ExampleTest -->
    </test> <!-- test2 -->
    <test name="test1" duration-ms="127340" started-at="2017-04-19T12:52:09Z" finished-at="2017-04-19T12:54:16Z">
      <class name="Example.ExampleTest">
        <test-method status="PASS" signature="LogInWithInputInvalidPasswordPressedRadioButtonPhone()[pri:0, instance:Example.ExampleTest@62043840]" name="LogInWithInputInvalidPasswordPressedRadioButtonPhone" duration-ms="16134" started-at="2017-04-19T15:52:09Z" finished-at="2017-04-19T15:52:25Z">
          <reporter-output>
          </reporter-output>
        </test-method> <!-- LogInWithInputInvalidPasswordPressedRadioButtonPhone -->
        <test-method status="PASS" signature="logInWithInputInvalidEmal()[pri:0, instance:Example.ExampleTest@62043840]" name="logInWithInputInvalidEmal" duration-ms="10322" started-at="2017-04-19T15:52:25Z" finished-at="2017-04-19T15:52:35Z">
          <reporter-output>
          </reporter-output>
        </test-method> <!-- logInWithInputInvalidEmal -->
        <test-method status="PASS" signature="logInWithInputInvalidPassword()[pri:0, instance:Example.ExampleTest@62043840]" name="logInWithInputInvalidPassword" duration-ms="15181" started-at="2017-04-19T15:52:35Z" finished-at="2017-04-19T15:52:50Z">
          <reporter-output>
          </reporter-output>
        </test-method> <!-- logInWithInputInvalidPassword -->
        <test-method status="PASS" signature="logInWithInputInvalidPhonePressed()[pri:0, instance:Example.ExampleTest@62043840]" name="logInWithInputInvalidPhonePressed" duration-ms="12236" started-at="2017-04-19T15:52:50Z" finished-at="2017-04-19T15:53:03Z">
          <reporter-output>
          </reporter-output>
        </test-method> <!-- logInWithInputInvalidPhonePressed -->
        <test-method status="PASS" signature="logInWithShowPassword()[pri:0, instance:Example.ExampleTest@62043840]" name="logInWithShowPassword" duration-ms="12170" started-at="2017-04-19T15:53:03Z" finished-at="2017-04-19T15:53:15Z">
          <reporter-output>
          </reporter-output>
        </test-method> <!-- logInWithShowPassword -->
        <test-method status="PASS" signature="logInWithVoidValue()[pri:0, instance:Example.ExampleTest@62043840]" name="logInWithVoidValue" duration-ms="9912" started-at="2017-04-19T15:53:15Z" finished-at="2017-04-19T15:53:25Z">
          <reporter-output>
          </reporter-output>
        </test-method> <!-- logInWithVoidValue -->
        <test-method status="PASS" signature="logInWithVoidValuePressedRadioButtonPhone()[pri:0, instance:Example.ExampleTest@62043840]" name="logInWithVoidValuePressedRadioButtonPhone" duration-ms="11278" started-at="2017-04-19T15:53:25Z" finished-at="2017-04-19T15:53:36Z">
          <reporter-output>
          </reporter-output>
        </test-method> <!-- logInWithVoidValuePressedRadioButtonPhone -->
        <test-method status="PASS" signature="logInWithoutInputEmail()[pri:0, instance:Example.ExampleTest@62043840]" name="logInWithoutInputEmail" duration-ms="8700" started-at="2017-04-19T15:53:36Z" finished-at="2017-04-19T15:53:45Z">
          <reporter-output>
          </reporter-output>
        </test-method> <!-- logInWithoutInputEmail -->
        <test-method status="PASS" signature="logInWithoutInputPassword()[pri:0, instance:Example.ExampleTest@62043840]" name="logInWithoutInputPassword" duration-ms="10202" started-at="2017-04-19T15:53:45Z" finished-at="2017-04-19T15:53:55Z">
          <reporter-output>
          </reporter-output>
        </test-method> <!-- logInWithoutInputPassword -->
        <test-method status="PASS" signature="logInWithoutInputPasswordPressedRadioButtonPhone()[pri:0, instance:Example.ExampleTest@62043840]" name="logInWithoutInputPasswordPressedRadioButtonPhone" duration-ms="11256" started-at="2017-04-19T15:53:55Z" finished-at="2017-04-19T15:54:06Z">
          <reporter-output>
          </reporter-output>
        </test-method> <!-- logInWithoutInputPasswordPressedRadioButtonPhone -->
        <test-method status="PASS" signature="logInWithoutInputPhone()[pri:0, instance:Example.ExampleTest@62043840]" name="logInWithoutInputPhone" duration-ms="9926" started-at="2017-04-19T15:54:06Z" finished-at="2017-04-19T15:54:16Z">
          <reporter-output>
          </reporter-output>
        </test-method> <!-- logInWithoutInputPhone -->
      </class> <!-- Example.ExampleTest -->
    </test> <!-- test1 -->
  </suite> <!-- FormLoginToTheWebsiteOfTheRegisteredUser -->
</testng-results>
