<?xml version="1.0" encoding="UTF-8"?>
<testng-results skipped="0" failed="1" ignored="18" total="36" passed="17">
  <reporter-output>
  </reporter-output>
  <suite name="FormLoginToTheWebsiteOfTheRegisteredUser" duration-ms="135527" started-at="2017-04-19T14:35:15Z" finished-at="2017-04-19T14:37:30Z">
    <groups>
      <group name="positive_test">
        <method signature="ExampleTest.formlogInWithClickLinkForgotPassword()[pri:0, instance:Example.ExampleTest@366e2eef]" name="formlogInWithClickLinkForgotPassword" class="Example.ExampleTest"/>
        <method signature="ExampleTest.formlogInWithClickLinkImageDns1()[pri:0, instance:Example.ExampleTest@366e2eef]" name="formlogInWithClickLinkImageDns1" class="Example.ExampleTest"/>
        <method signature="ExampleTest.formlogInWithClickLinkImageDns2()[pri:0, instance:Example.ExampleTest@366e2eef]" name="formlogInWithClickLinkImageDns2" class="Example.ExampleTest"/>
        <method signature="ExampleTest.formlogInWithClickLinkImageDns3()[pri:0, instance:Example.ExampleTest@366e2eef]" name="formlogInWithClickLinkImageDns3" class="Example.ExampleTest"/>
        <method signature="ExampleTest.formlogInWithClickLinkImageDns4()[pri:0, instance:Example.ExampleTest@366e2eef]" name="formlogInWithClickLinkImageDns4" class="Example.ExampleTest"/>
        <method signature="ExampleTest.formlogInWithClickLinkRegistration()[pri:0, instance:Example.ExampleTest@366e2eef]" name="formlogInWithClickLinkRegistration" class="Example.ExampleTest"/>
        <method signature="ExampleTest.logInLogOut()[pri:0, instance:Example.ExampleTest@366e2eef]" name="logInLogOut" class="Example.ExampleTest"/>
      </group> <!-- positive_test -->
      <group name="negative_test">
        <method signature="ExampleTest.LogInWithInputInvalidPasswordPressedRadioButtonPhone()[pri:0, instance:Example.ExampleTest@62043840]" name="LogInWithInputInvalidPasswordPressedRadioButtonPhone" class="Example.ExampleTest"/>
        <method signature="ExampleTest.logInWithInputInvalidEmal()[pri:0, instance:Example.ExampleTest@62043840]" name="logInWithInputInvalidEmal" class="Example.ExampleTest"/>
        <method signature="ExampleTest.logInWithInputInvalidPassword()[pri:0, instance:Example.ExampleTest@62043840]" name="logInWithInputInvalidPassword" class="Example.ExampleTest"/>
        <method signature="ExampleTest.logInWithInputInvalidPhonePressed()[pri:0, instance:Example.ExampleTest@62043840]" name="logInWithInputInvalidPhonePressed" class="Example.ExampleTest"/>
        <method signature="ExampleTest.logInWithShowPassword()[pri:0, instance:Example.ExampleTest@62043840]" name="logInWithShowPassword" class="Example.ExampleTest"/>
        <method signature="ExampleTest.logInWithVoidValue()[pri:0, instance:Example.ExampleTest@62043840]" name="logInWithVoidValue" class="Example.ExampleTest"/>
        <method signature="ExampleTest.logInWithVoidValuePressedRadioButtonPhone()[pri:0, instance:Example.ExampleTest@62043840]" name="logInWithVoidValuePressedRadioButtonPhone" class="Example.ExampleTest"/>
        <method signature="ExampleTest.logInWithoutInputEmail()[pri:0, instance:Example.ExampleTest@62043840]" name="logInWithoutInputEmail" class="Example.ExampleTest"/>
        <method signature="ExampleTest.logInWithoutInputPassword()[pri:0, instance:Example.ExampleTest@62043840]" name="logInWithoutInputPassword" class="Example.ExampleTest"/>
        <method signature="ExampleTest.logInWithoutInputPasswordPressedRadioButtonPhone()[pri:0, instance:Example.ExampleTest@62043840]" name="logInWithoutInputPasswordPressedRadioButtonPhone" class="Example.ExampleTest"/>
        <method signature="ExampleTest.logInWithoutInputPhone()[pri:0, instance:Example.ExampleTest@62043840]" name="logInWithoutInputPhone" class="Example.ExampleTest"/>
      </group> <!-- negative_test -->
    </groups>
    <test name="test2" duration-ms="108458" started-at="2017-04-19T14:35:15Z" finished-at="2017-04-19T14:37:03Z">
      <class name="Example.ExampleTest">
        <test-method status="PASS" signature="formlogInWithClickLinkForgotPassword()[pri:0, instance:Example.ExampleTest@366e2eef]" name="formlogInWithClickLinkForgotPassword" duration-ms="12925" started-at="2017-04-19T17:35:15Z" finished-at="2017-04-19T17:35:27Z">
          <reporter-output>
          </reporter-output>
        </test-method> <!-- formlogInWithClickLinkForgotPassword -->
        <test-method status="PASS" signature="formlogInWithClickLinkImageDns1()[pri:0, instance:Example.ExampleTest@366e2eef]" name="formlogInWithClickLinkImageDns1" duration-ms="15791" started-at="2017-04-19T17:35:27Z" finished-at="2017-04-19T17:35:43Z">
          <reporter-output>
          </reporter-output>
        </test-method> <!-- formlogInWithClickLinkImageDns1 -->
        <test-method status="PASS" signature="formlogInWithClickLinkImageDns2()[pri:0, instance:Example.ExampleTest@366e2eef]" name="formlogInWithClickLinkImageDns2" duration-ms="15646" started-at="2017-04-19T17:35:43Z" finished-at="2017-04-19T17:35:59Z">
          <reporter-output>
          </reporter-output>
        </test-method> <!-- formlogInWithClickLinkImageDns2 -->
        <test-method status="PASS" signature="formlogInWithClickLinkImageDns3()[pri:0, instance:Example.ExampleTest@366e2eef]" name="formlogInWithClickLinkImageDns3" duration-ms="16715" started-at="2017-04-19T17:35:59Z" finished-at="2017-04-19T17:36:16Z">
          <reporter-output>
          </reporter-output>
        </test-method> <!-- formlogInWithClickLinkImageDns3 -->
        <test-method status="PASS" signature="formlogInWithClickLinkImageDns4()[pri:0, instance:Example.ExampleTest@366e2eef]" name="formlogInWithClickLinkImageDns4" duration-ms="14318" started-at="2017-04-19T17:36:16Z" finished-at="2017-04-19T17:36:30Z">
          <reporter-output>
          </reporter-output>
        </test-method> <!-- formlogInWithClickLinkImageDns4 -->
        <test-method status="PASS" signature="formlogInWithClickLinkRegistration()[pri:0, instance:Example.ExampleTest@366e2eef]" name="formlogInWithClickLinkRegistration" duration-ms="12211" started-at="2017-04-19T17:36:30Z" finished-at="2017-04-19T17:36:42Z">
          <reporter-output>
          </reporter-output>
        </test-method> <!-- formlogInWithClickLinkRegistration -->
        <test-method status="PASS" signature="logInLogOut()[pri:0, instance:Example.ExampleTest@366e2eef]" name="logInLogOut" duration-ms="20817" started-at="2017-04-19T17:36:42Z" finished-at="2017-04-19T17:37:03Z">
          <reporter-output>
          </reporter-output>
        </test-method> <!-- logInLogOut -->
      </class> <!-- Example.ExampleTest -->
    </test> <!-- test2 -->
    <test name="test1" duration-ms="135527" started-at="2017-04-19T14:35:15Z" finished-at="2017-04-19T14:37:30Z">
      <class name="Example.ExampleTest">
        <test-method status="FAIL" signature="LogInWithInputInvalidPasswordPressedRadioButtonPhone()[pri:0, instance:Example.ExampleTest@62043840]" name="LogInWithInputInvalidPasswordPressedRadioButtonPhone" duration-ms="16880" started-at="2017-04-19T17:35:15Z" finished-at="2017-04-19T17:35:31Z">
          <exception class="java.lang.AssertionError">
            <message>
              <![CDATA[expected [] but found [Ошибка! Неправильная пара логин или пароль]]]>
            </message>
            <full-stacktrace>
              <![CDATA[java.lang.AssertionError: expected [] but found [Ошибка! Неправильная пара логин или пароль]
	at org.testng.Assert.fail(Assert.java:93)
	at org.testng.Assert.failNotEquals(Assert.java:512)
	at org.testng.Assert.assertEqualsImpl(Assert.java:134)
	at org.testng.Assert.assertEquals(Assert.java:115)
	at org.testng.Assert.assertEquals(Assert.java:189)
	at org.testng.Assert.assertEquals(Assert.java:199)
	at Example.LogInWithInputInvalidPasswordPressedRadioButtonPhone.logInWithInputInvalidPassword1(LogInWithInputInvalidPasswordPressedRadioButtonPhone.java:52)
	at Example.ExampleTest.LogInWithInputInvalidPasswordPressedRadioButtonPhone(ExampleTest.java:141)
	at sun.reflect.NativeMethodAccessorImpl.invoke0(Native Method)
	at sun.reflect.NativeMethodAccessorImpl.invoke(NativeMethodAccessorImpl.java:62)
	at sun.reflect.DelegatingMethodAccessorImpl.invoke(DelegatingMethodAccessorImpl.java:43)
	at java.lang.reflect.Method.invoke(Method.java:498)
	at org.testng.internal.MethodInvocationHelper.invokeMethod(MethodInvocationHelper.java:108)
	at org.testng.internal.Invoker.invokeMethod(Invoker.java:661)
	at org.testng.internal.Invoker.invokeTestMethod(Invoker.java:869)
	at org.testng.internal.Invoker.invokeTestMethods(Invoker.java:1193)
	at org.testng.internal.TestMethodWorker.invokeTestMethods(TestMethodWorker.java:126)
	at org.testng.internal.TestMethodWorker.run(TestMethodWorker.java:109)
	at org.testng.TestRunner.privateRun(TestRunner.java:744)
	at org.testng.TestRunner.run(TestRunner.java:602)
	at org.testng.SuiteRunner.runTest(SuiteRunner.java:380)
	at org.testng.SuiteRunner.access$000(SuiteRunner.java:39)
	at org.testng.SuiteRunner$SuiteWorker.run(SuiteRunner.java:414)
	at org.testng.internal.thread.ThreadUtil$1.call(ThreadUtil.java:52)
	at java.util.concurrent.FutureTask.run(FutureTask.java:266)
	at java.util.concurrent.ThreadPoolExecutor.runWorker(ThreadPoolExecutor.java:1142)
	at java.util.concurrent.ThreadPoolExecutor$Worker.run(ThreadPoolExecutor.java:617)
	at java.lang.Thread.run(Thread.java:745)
]]>
            </full-stacktrace>
          </exception> <!-- java.lang.AssertionError -->
          <reporter-output>
          </reporter-output>
        </test-method> <!-- LogInWithInputInvalidPasswordPressedRadioButtonPhone -->
        <test-method status="PASS" signature="logInWithInputInvalidEmal()[pri:0, instance:Example.ExampleTest@62043840]" name="logInWithInputInvalidEmal" duration-ms="14357" started-at="2017-04-19T17:35:31Z" finished-at="2017-04-19T17:35:46Z">
          <reporter-output>
          </reporter-output>
        </test-method> <!-- logInWithInputInvalidEmal -->
        <test-method status="PASS" signature="logInWithInputInvalidPassword()[pri:0, instance:Example.ExampleTest@62043840]" name="logInWithInputInvalidPassword" duration-ms="16568" started-at="2017-04-19T17:35:46Z" finished-at="2017-04-19T17:36:02Z">
          <reporter-output>
          </reporter-output>
        </test-method> <!-- logInWithInputInvalidPassword -->
        <test-method status="PASS" signature="logInWithInputInvalidPhonePressed()[pri:0, instance:Example.ExampleTest@62043840]" name="logInWithInputInvalidPhonePressed" duration-ms="11763" started-at="2017-04-19T17:36:02Z" finished-at="2017-04-19T17:36:14Z">
          <reporter-output>
          </reporter-output>
        </test-method> <!-- logInWithInputInvalidPhonePressed -->
        <test-method status="PASS" signature="logInWithShowPassword()[pri:0, instance:Example.ExampleTest@62043840]" name="logInWithShowPassword" duration-ms="9909" started-at="2017-04-19T17:36:14Z" finished-at="2017-04-19T17:36:24Z">
          <reporter-output>
          </reporter-output>
        </test-method> <!-- logInWithShowPassword -->
        <test-method status="PASS" signature="logInWithVoidValue()[pri:0, instance:Example.ExampleTest@62043840]" name="logInWithVoidValue" duration-ms="10853" started-at="2017-04-19T17:36:24Z" finished-at="2017-04-19T17:36:35Z">
          <reporter-output>
          </reporter-output>
        </test-method> <!-- logInWithVoidValue -->
        <test-method status="PASS" signature="logInWithVoidValuePressedRadioButtonPhone()[pri:0, instance:Example.ExampleTest@62043840]" name="logInWithVoidValuePressedRadioButtonPhone" duration-ms="10464" started-at="2017-04-19T17:36:35Z" finished-at="2017-04-19T17:36:45Z">
          <reporter-output>
          </reporter-output>
        </test-method> <!-- logInWithVoidValuePressedRadioButtonPhone -->
        <test-method status="PASS" signature="logInWithoutInputEmail()[pri:0, instance:Example.ExampleTest@62043840]" name="logInWithoutInputEmail" duration-ms="10877" started-at="2017-04-19T17:36:45Z" finished-at="2017-04-19T17:36:56Z">
          <reporter-output>
          </reporter-output>
        </test-method> <!-- logInWithoutInputEmail -->
        <test-method status="PASS" signature="logInWithoutInputPassword()[pri:0, instance:Example.ExampleTest@62043840]" name="logInWithoutInputPassword" duration-ms="11715" started-at="2017-04-19T17:36:56Z" finished-at="2017-04-19T17:37:08Z">
          <reporter-output>
          </reporter-output>
        </test-method> <!-- logInWithoutInputPassword -->
        <test-method status="PASS" signature="logInWithoutInputPasswordPressedRadioButtonPhone()[pri:0, instance:Example.ExampleTest@62043840]" name="logInWithoutInputPasswordPressedRadioButtonPhone" duration-ms="12314" started-at="2017-04-19T17:37:08Z" finished-at="2017-04-19T17:37:20Z">
          <reporter-output>
          </reporter-output>
        </test-method> <!-- logInWithoutInputPasswordPressedRadioButtonPhone -->
        <test-method status="PASS" signature="logInWithoutInputPhone()[pri:0, instance:Example.ExampleTest@62043840]" name="logInWithoutInputPhone" duration-ms="9796" started-at="2017-04-19T17:37:20Z" finished-at="2017-04-19T17:37:30Z">
          <reporter-output>
          </reporter-output>
        </test-method> <!-- logInWithoutInputPhone -->
      </class> <!-- Example.ExampleTest -->
    </test> <!-- test1 -->
  </suite> <!-- FormLoginToTheWebsiteOfTheRegisteredUser -->
</testng-results>
