<?xml version="1.0" encoding="UTF-8"?>
<!-- Generated by org.testng.reporters.JUnitXMLReporter -->
<testsuite hostname="Administrator" ignored="11" name="test2" tests="7" failures="0" timestamp="24 апр 2017 13:16:59 GMT" time="88.616" errors="0">
  <testcase name="formlogInWithClickLinkForgotPassword" time="10.555" classname="Example.ExampleTest"/>
  <testcase name="formlogInWithClickLinkImageDns1" time="12.84" classname="Example.ExampleTest"/>
  <testcase name="formlogInWithClickLinkImageDns2" time="13.854" classname="Example.ExampleTest"/>
  <testcase name="formlogInWithClickLinkImageDns3" time="12.913" classname="Example.ExampleTest"/>
  <testcase name="formlogInWithClickLinkImageDns4" time="9.436" classname="Example.ExampleTest"/>
  <testcase name="formlogInWithClickLinkRegistration" time="9.655" classname="Example.ExampleTest"/>
  <testcase name="logInLogOut" time="19.339" classname="Example.ExampleTest"/>
  <testcase name="logInWithShowPassword" time="0.0" classname="Example.ExampleTest">
    <ignored/>
  </testcase> <!-- logInWithShowPassword -->
  <testcase name="logInWithVoidValue" time="0.0" classname="Example.ExampleTest">
    <ignored/>
  </testcase> <!-- logInWithVoidValue -->
  <testcase name="logInWithVoidValuePressedRadioButtonPhone" time="0.0" classname="Example.ExampleTest">
    <ignored/>
  </testcase> <!-- logInWithVoidValuePressedRadioButtonPhone -->
  <testcase name="logInWithoutInputPhone" time="0.0" classname="Example.ExampleTest">
    <ignored/>
  </testcase> <!-- logInWithoutInputPhone -->
  <testcase name="logInWithInputInvalidEmail" time="0.0" classname="Example.ExampleTest">
    <ignored/>
  </testcase> <!-- logInWithInputInvalidEmail -->
  <testcase name="logInWithoutInputEmail" time="0.0" classname="Example.ExampleTest">
    <ignored/>
  </testcase> <!-- logInWithoutInputEmail -->
  <testcase name="logInWithoutInputPassword" time="0.0" classname="Example.ExampleTest">
    <ignored/>
  </testcase> <!-- logInWithoutInputPassword -->
  <testcase name="logInWithInputInvalidPhonePressed" time="0.0" classname="Example.ExampleTest">
    <ignored/>
  </testcase> <!-- logInWithInputInvalidPhonePressed -->
  <testcase name="LogInWithInputInvalidPasswordPressedRadioButtonPhone" time="0.0" classname="Example.ExampleTest">
    <ignored/>
  </testcase> <!-- LogInWithInputInvalidPasswordPressedRadioButtonPhone -->
  <testcase name="logInWithoutInputPasswordPressedRadioButtonPhone" time="0.0" classname="Example.ExampleTest">
    <ignored/>
  </testcase> <!-- logInWithoutInputPasswordPressedRadioButtonPhone -->
  <testcase name="logInWithInputInvalidPassword" time="0.0" classname="Example.ExampleTest">
    <ignored/>
  </testcase> <!-- logInWithInputInvalidPassword -->
</testsuite> <!-- test2 -->
