<?xml version="1.0" encoding="UTF-8"?>
<!-- Generated by org.testng.reporters.JUnitXMLReporter -->
<testsuite hostname="Administrator" ignored="11" name="test2" tests="7" failures="0" timestamp="19 апр 2017 14:37:03 GMT" time="108.458" errors="0">
  <testcase name="formlogInWithClickLinkForgotPassword" time="12.925" classname="Example.ExampleTest"/>
  <testcase name="formlogInWithClickLinkImageDns1" time="15.791" classname="Example.ExampleTest"/>
  <testcase name="formlogInWithClickLinkImageDns2" time="15.646" classname="Example.ExampleTest"/>
  <testcase name="formlogInWithClickLinkImageDns3" time="16.715" classname="Example.ExampleTest"/>
  <testcase name="formlogInWithClickLinkImageDns4" time="14.318" classname="Example.ExampleTest"/>
  <testcase name="formlogInWithClickLinkRegistration" time="12.211" classname="Example.ExampleTest"/>
  <testcase name="logInLogOut" time="20.817" classname="Example.ExampleTest"/>
  <testcase name="logInWithShowPassword" time="0.0" classname="Example.ExampleTest">
    <ignored/>
  </testcase> <!-- logInWithShowPassword -->
  <testcase name="logInWithVoidValue" time="0.0" classname="Example.ExampleTest">
    <ignored/>
  </testcase> <!-- logInWithVoidValue -->
  <testcase name="logInWithVoidValuePressedRadioButtonPhone" time="0.0" classname="Example.ExampleTest">
    <ignored/>
  </testcase> <!-- logInWithVoidValuePressedRadioButtonPhone -->
  <testcase name="logInWithoutInputPhone" time="0.0" classname="Example.ExampleTest">
    <ignored/>
  </testcase> <!-- logInWithoutInputPhone -->
  <testcase name="logInWithoutInputEmail" time="0.0" classname="Example.ExampleTest">
    <ignored/>
  </testcase> <!-- logInWithoutInputEmail -->
  <testcase name="logInWithoutInputPassword" time="0.0" classname="Example.ExampleTest">
    <ignored/>
  </testcase> <!-- logInWithoutInputPassword -->
  <testcase name="logInWithInputInvalidPhonePressed" time="0.0" classname="Example.ExampleTest">
    <ignored/>
  </testcase> <!-- logInWithInputInvalidPhonePressed -->
  <testcase name="LogInWithInputInvalidPasswordPressedRadioButtonPhone" time="0.0" classname="Example.ExampleTest">
    <ignored/>
  </testcase> <!-- LogInWithInputInvalidPasswordPressedRadioButtonPhone -->
  <testcase name="logInWithoutInputPasswordPressedRadioButtonPhone" time="0.0" classname="Example.ExampleTest">
    <ignored/>
  </testcase> <!-- logInWithoutInputPasswordPressedRadioButtonPhone -->
  <testcase name="logInWithInputInvalidEmal" time="0.0" classname="Example.ExampleTest">
    <ignored/>
  </testcase> <!-- logInWithInputInvalidEmal -->
  <testcase name="logInWithInputInvalidPassword" time="0.0" classname="Example.ExampleTest">
    <ignored/>
  </testcase> <!-- logInWithInputInvalidPassword -->
</testsuite> <!-- test2 -->
