<?xml version="1.0" encoding="UTF-8"?>
<!-- Generated by org.testng.reporters.JUnitXMLReporter -->
<testsuite hostname="Administrator" ignored="7" name="test1" tests="11" failures="0" timestamp="19 апр 2017 12:54:16 GMT" time="127.34" errors="0">
  <testcase name="LogInWithInputInvalidPasswordPressedRadioButtonPhone" time="16.134" classname="Example.ExampleTest"/>
  <testcase name="logInWithInputInvalidEmal" time="10.322" classname="Example.ExampleTest"/>
  <testcase name="logInWithInputInvalidPassword" time="15.181" classname="Example.ExampleTest"/>
  <testcase name="logInWithInputInvalidPhonePressed" time="12.236" classname="Example.ExampleTest"/>
  <testcase name="logInWithShowPassword" time="12.17" classname="Example.ExampleTest"/>
  <testcase name="logInWithVoidValue" time="9.912" classname="Example.ExampleTest"/>
  <testcase name="logInWithVoidValuePressedRadioButtonPhone" time="11.278" classname="Example.ExampleTest"/>
  <testcase name="logInWithoutInputEmail" time="8.7" classname="Example.ExampleTest"/>
  <testcase name="logInWithoutInputPassword" time="10.202" classname="Example.ExampleTest"/>
  <testcase name="logInWithoutInputPasswordPressedRadioButtonPhone" time="11.256" classname="Example.ExampleTest"/>
  <testcase name="logInWithoutInputPhone" time="9.926" classname="Example.ExampleTest"/>
  <testcase name="formlogInWithClickLinkRegistration" time="0.0" classname="Example.ExampleTest">
    <ignored/>
  </testcase> <!-- formlogInWithClickLinkRegistration -->
  <testcase name="formlogInWithClickLinkImageDns4" time="0.0" classname="Example.ExampleTest">
    <ignored/>
  </testcase> <!-- formlogInWithClickLinkImageDns4 -->
  <testcase name="logInLogOut" time="0.0" classname="Example.ExampleTest">
    <ignored/>
  </testcase> <!-- logInLogOut -->
  <testcase name="formlogInWithClickLinkImageDns1" time="0.0" classname="Example.ExampleTest">
    <ignored/>
  </testcase> <!-- formlogInWithClickLinkImageDns1 -->
  <testcase name="formlogInWithClickLinkImageDns2" time="0.0" classname="Example.ExampleTest">
    <ignored/>
  </testcase> <!-- formlogInWithClickLinkImageDns2 -->
  <testcase name="formlogInWithClickLinkImageDns3" time="0.0" classname="Example.ExampleTest">
    <ignored/>
  </testcase> <!-- formlogInWithClickLinkImageDns3 -->
  <testcase name="formlogInWithClickLinkForgotPassword" time="0.0" classname="Example.ExampleTest">
    <ignored/>
  </testcase> <!-- formlogInWithClickLinkForgotPassword -->
</testsuite> <!-- test1 -->
