<?xml version="1.0" encoding="UTF-8"?>
<!-- Generated by org.testng.reporters.JUnitXMLReporter -->
<testsuite hostname="Administrator" ignored="7" name="test1" tests="11" failures="1" timestamp="19 апр 2017 14:37:30 GMT" time="135.527" errors="0">
  <testcase name="LogInWithInputInvalidPasswordPressedRadioButtonPhone" time="16.88" classname="Example.ExampleTest">
    <failure type="java.lang.AssertionError" message="expected [] but found [Ошибка! Неправильная пара логин или пароль]">
      <![CDATA[java.lang.AssertionError: expected [] but found [Ошибка! Неправильная пара логин или пароль]
	at Example.LogInWithInputInvalidPasswordPressedRadioButtonPhone.logInWithInputInvalidPassword1(LogInWithInputInvalidPasswordPressedRadioButtonPhone.java:52)
	at Example.ExampleTest.LogInWithInputInvalidPasswordPressedRadioButtonPhone(ExampleTest.java:141)
	at java.util.concurrent.FutureTask.run(FutureTask.java:266)
	at java.util.concurrent.ThreadPoolExecutor.runWorker(ThreadPoolExecutor.java:1142)
	at java.util.concurrent.ThreadPoolExecutor$Worker.run(ThreadPoolExecutor.java:617)
	at java.lang.Thread.run(Thread.java:745)
... Removed 22 stack frames]]>
    </failure>
  </testcase> <!-- LogInWithInputInvalidPasswordPressedRadioButtonPhone -->
  <testcase name="logInWithInputInvalidEmal" time="14.357" classname="Example.ExampleTest"/>
  <testcase name="logInWithInputInvalidPassword" time="16.568" classname="Example.ExampleTest"/>
  <testcase name="logInWithInputInvalidPhonePressed" time="11.763" classname="Example.ExampleTest"/>
  <testcase name="logInWithShowPassword" time="9.909" classname="Example.ExampleTest"/>
  <testcase name="logInWithVoidValue" time="10.853" classname="Example.ExampleTest"/>
  <testcase name="logInWithVoidValuePressedRadioButtonPhone" time="10.464" classname="Example.ExampleTest"/>
  <testcase name="logInWithoutInputEmail" time="10.877" classname="Example.ExampleTest"/>
  <testcase name="logInWithoutInputPassword" time="11.715" classname="Example.ExampleTest"/>
  <testcase name="logInWithoutInputPasswordPressedRadioButtonPhone" time="12.314" classname="Example.ExampleTest"/>
  <testcase name="logInWithoutInputPhone" time="9.796" classname="Example.ExampleTest"/>
  <testcase name="formlogInWithClickLinkRegistration" time="0.0" classname="Example.ExampleTest">
    <ignored/>
  </testcase> <!-- formlogInWithClickLinkRegistration -->
  <testcase name="formlogInWithClickLinkImageDns4" time="0.0" classname="Example.ExampleTest">
    <ignored/>
  </testcase> <!-- formlogInWithClickLinkImageDns4 -->
  <testcase name="logInLogOut" time="0.0" classname="Example.ExampleTest">
    <ignored/>
  </testcase> <!-- logInLogOut -->
  <testcase name="formlogInWithClickLinkImageDns1" time="0.0" classname="Example.ExampleTest">
    <ignored/>
  </testcase> <!-- formlogInWithClickLinkImageDns1 -->
  <testcase name="formlogInWithClickLinkImageDns2" time="0.0" classname="Example.ExampleTest">
    <ignored/>
  </testcase> <!-- formlogInWithClickLinkImageDns2 -->
  <testcase name="formlogInWithClickLinkImageDns3" time="0.0" classname="Example.ExampleTest">
    <ignored/>
  </testcase> <!-- formlogInWithClickLinkImageDns3 -->
  <testcase name="formlogInWithClickLinkForgotPassword" time="0.0" classname="Example.ExampleTest">
    <ignored/>
  </testcase> <!-- formlogInWithClickLinkForgotPassword -->
</testsuite> <!-- test1 -->
